[2019-04-11 14:48:26] [info] Start Program:
Path:"C:\Users\Scoican\Desktop\Facultate\Programare orientata obiect\Laboratoare Anul 2\MovieRentalApplication\Debug\MovieRentalApplication.exe"
Arguments:
Working directory: "C:\Users\Scoican\Desktop\Facultate\Programare orientata obiect\Laboratoare Anul 2\MovieRentalApplication\MovieRentalApplication\"
Modules: Selected: C:\Users\Scoican\Desktop\Facultate\Programare orientata obiect\Laboratoare Anul 2\MovieRentalApplication\Debug\MovieRentalApplication.exe Excluded: 
Sources: Selected: C:\Users\Scoican\Desktop\Facultate\Programare orientata obiect\Laboratoare Anul 2\MovieRentalApplication\MovieRentalApplication Excluded: 
Log Level: Normal
Cover Children: 0
Aggregate by file: 1
Continue after C++ exception: 0
Optimized build support: 0
Export: Binary C:\Users\Scoican\AppData\Local\Temp\kknrcwzl.duq 
Input coverage: 
Unified diff: 
Excluded line regular expressions: 
Substitute pdb source paths: 

[2019-04-11 14:48:26] [info] Module: C:\Users\Scoican\Desktop\Facultate\Programare orientata obiect\Laboratoare Anul 2\MovieRentalApplication\Debug\MovieRentalApplication.exe is selected because it matches selected pattern: C:\Users\Scoican\Desktop\Facultate\Programare orientata obiect\Laboratoare Anul 2\MovieRentalApplication\Debug\MovieRentalApplication.exe
[2019-04-11 14:48:27] [info] ----------------------------------------------------
[2019-04-11 14:48:27] [info] Coverage binary generated in file: C:\Users\Scoican\AppData\Local\Temp\kknrcwzl.duq
[2019-04-11 14:48:27] [info] ----------------------------------------------------
