[2019-06-26 13:40:28] [info] Start Program:
Path:"C:\Users\Scoican\Desktop\Facultate\Programare orientata obiect\Laboratoare Anul 2\ExamenOOP\x64\Debug\ExamenOOP.exe"
Arguments:
Working directory: "C:\Users\Scoican\Desktop\Facultate\Programare orientata obiect\Laboratoare Anul 2\ExamenOOP\ExamenOOP\"
Modules: Selected: C:\Users\Scoican\Desktop\Facultate\Programare orientata obiect\Laboratoare Anul 2\ExamenOOP\x64\Debug\ExamenOOP.exe Excluded: 
Sources: Selected: C:\Users\Scoican\Desktop\Facultate\Programare orientata obiect\Laboratoare Anul 2\ExamenOOP\ExamenOOP Excluded: 
Log Level: Normal
Cover Children: 0
Aggregate by file: 1
Continue after C++ exception: 0
Optimized build support: 0
Export: Binary C:\Users\Scoican\AppData\Local\Temp\b5x4etac.lku 
Input coverage: 
Unified diff: 
Excluded line regular expressions: 
Substitute pdb source paths: 

[2019-06-26 13:40:28] [info] Module: C:\Users\Scoican\Desktop\Facultate\Programare orientata obiect\Laboratoare Anul 2\ExamenOOP\x64\Debug\ExamenOOP.exe is selected because it matches selected pattern: C:\Users\Scoican\Desktop\Facultate\Programare orientata obiect\Laboratoare Anul 2\ExamenOOP\x64\Debug\ExamenOOP.exe
[2019-06-26 13:40:28] [info] ----------------------------------------------------
[2019-06-26 13:40:28] [info] Coverage binary generated in file: C:\Users\Scoican\AppData\Local\Temp\b5x4etac.lku
[2019-06-26 13:40:28] [info] ----------------------------------------------------
