c:\users\scoican\desktop\facultate\programare orientata obiect\laboratoare anul 2\movierentalapplication\movierentalapplication\debug\vc141.pdb
c:\users\scoican\desktop\facultate\programare orientata obiect\laboratoare anul 2\movierentalapplication\movierentalapplication\debug\vc141.idb
c:\users\scoican\desktop\facultate\programare orientata obiect\laboratoare anul 2\movierentalapplication\movierentalapplication\debug\main.obj
c:\users\scoican\desktop\facultate\programare orientata obiect\laboratoare anul 2\movierentalapplication\movierentalapplication\debug\testdomain.obj
c:\users\scoican\desktop\facultate\programare orientata obiect\laboratoare anul 2\movierentalapplication\movierentalapplication\debug\movie.obj
c:\users\scoican\desktop\facultate\programare orientata obiect\laboratoare anul 2\movierentalapplication\movierentalapplication\debug\movierepositoryexception.obj
c:\users\scoican\desktop\facultate\programare orientata obiect\laboratoare anul 2\movierentalapplication\movierentalapplication\debug\movierepository.obj
c:\users\scoican\desktop\facultate\programare orientata obiect\laboratoare anul 2\movierentalapplication\movierentalapplication\debug\testrepository.obj
c:\users\scoican\desktop\facultate\programare orientata obiect\laboratoare anul 2\movierentalapplication\movierentalapplication\debug\console.obj
c:\users\scoican\desktop\facultate\programare orientata obiect\laboratoare anul 2\movierentalapplication\movierentalapplication\debug\testservice.obj
c:\users\scoican\desktop\facultate\programare orientata obiect\laboratoare anul 2\movierentalapplication\movierentalapplication\debug\movieservice.obj
c:\users\scoican\desktop\facultate\programare orientata obiect\laboratoare anul 2\movierentalapplication\movierentalapplication\debug\validator.obj
c:\users\scoican\desktop\facultate\programare orientata obiect\laboratoare anul 2\movierentalapplication\debug\movierentalapplication.exe
c:\users\scoican\desktop\facultate\programare orientata obiect\laboratoare anul 2\movierentalapplication\debug\movierentalapplication.ilk
c:\users\scoican\desktop\facultate\programare orientata obiect\laboratoare anul 2\movierentalapplication\debug\movierentalapplication.pdb
c:\users\scoican\desktop\facultate\programare orientata obiect\laboratoare anul 2\movierentalapplication\movierentalapplication\debug\movieren.0f2c3ea5.tlog\cl.command.1.tlog
c:\users\scoican\desktop\facultate\programare orientata obiect\laboratoare anul 2\movierentalapplication\movierentalapplication\debug\movieren.0f2c3ea5.tlog\cl.read.1.tlog
c:\users\scoican\desktop\facultate\programare orientata obiect\laboratoare anul 2\movierentalapplication\movierentalapplication\debug\movieren.0f2c3ea5.tlog\cl.write.1.tlog
c:\users\scoican\desktop\facultate\programare orientata obiect\laboratoare anul 2\movierentalapplication\movierentalapplication\debug\movieren.0f2c3ea5.tlog\link.command.1.tlog
c:\users\scoican\desktop\facultate\programare orientata obiect\laboratoare anul 2\movierentalapplication\movierentalapplication\debug\movieren.0f2c3ea5.tlog\link.read.1.tlog
c:\users\scoican\desktop\facultate\programare orientata obiect\laboratoare anul 2\movierentalapplication\movierentalapplication\debug\movieren.0f2c3ea5.tlog\link.write.1.tlog
